<?xml version="1.0" encoding="UTF-8"?>
<!-- Generated by org.testng.reporters.JUnitXMLReporter -->
<testsuite ignored="13" hostname="DESKTOP-OQURPC8" failures="1" tests="1" name="Default test" time="40.5" errors="0" timestamp="2026-04-15T17:20:26 ICT">
  <testcase classname="tests.admin.AdminTripsPageTest" name="case_TR_011" time="38.871">
    <failure type="org.openqa.selenium.TimeoutException" message="Expected condition failed: waiting for visibility of element located by By.cssSelector: [data-testid=&amp;apos;admin-trip-create-input-departure-date&amp;apos;] (tried for 10 second(s) with 500 milliseconds interval)
Build info: version: &amp;apos;4.18.1&amp;apos;, revision: &amp;apos;b1d3319b48&amp;apos;
System info: os.name: &amp;apos;Windows 11&amp;apos;, os.arch: &amp;apos;amd64&amp;apos;, os.version: &amp;apos;10.0&amp;apos;, java.version: &amp;apos;17.0.12&amp;apos;
Driver info: org.openqa.selenium.chrome.ChromeDriver
Capabilities {acceptInsecureCerts: false, browserName: chrome, browserVersion: 147.0.7727.56, chrome: {chromedriverVersion: 147.0.7727.56 (b28eac7a1a97..., userDataDir: C:\Users\duyet\AppData\Loca...}, fedcm:accounts: true, goog:chromeOptions: {debuggerAddress: localhost:58613}, goog:processID: 19960, networkConnectionEnabled: false, pageLoadStrategy: normal, platformName: windows, proxy: Proxy(), se:cdp: ws://localhost:58613/devtoo..., se:cdpVersion: 147.0.7727.56, setWindowRect: true, strictFileInteractability: false, timeouts: {implicit: 0, pageLoad: 300000, script: 30000}, unhandledPromptBehavior: dismiss and notify, webauthn:extension:credBlob: true, webauthn:extension:largeBlob: true, webauthn:extension:minPinLength: true, webauthn:extension:prf: true, webauthn:virtualAuthenticators: true}
Session ID: 19930a5f611c706d126dc6799ad5b6c1">
      <![CDATA[org.openqa.selenium.TimeoutException: Expected condition failed: waiting for visibility of element located by By.cssSelector: [data-testid='admin-trip-create-input-departure-date'] (tried for 10 second(s) with 500 milliseconds interval)
Build info: version: '4.18.1', revision: 'b1d3319b48'
System info: os.name: 'Windows 11', os.arch: 'amd64', os.version: '10.0', java.version: '17.0.12'
Driver info: org.openqa.selenium.chrome.ChromeDriver
Capabilities {acceptInsecureCerts: false, browserName: chrome, browserVersion: 147.0.7727.56, chrome: {chromedriverVersion: 147.0.7727.56 (b28eac7a1a97..., userDataDir: C:\Users\duyet\AppData\Loca...}, fedcm:accounts: true, goog:chromeOptions: {debuggerAddress: localhost:58613}, goog:processID: 19960, networkConnectionEnabled: false, pageLoadStrategy: normal, platformName: windows, proxy: Proxy(), se:cdp: ws://localhost:58613/devtoo..., se:cdpVersion: 147.0.7727.56, setWindowRect: true, strictFileInteractability: false, timeouts: {implicit: 0, pageLoad: 300000, script: 30000}, unhandledPromptBehavior: dismiss and notify, webauthn:extension:credBlob: true, webauthn:extension:largeBlob: true, webauthn:extension:minPinLength: true, webauthn:extension:prf: true, webauthn:virtualAuthenticators: true}
Session ID: 19930a5f611c706d126dc6799ad5b6c1
at org.openqa.selenium.support.ui.WebDriverWait.timeoutException(WebDriverWait.java:84)
at org.openqa.selenium.support.ui.FluentWait.until(FluentWait.java:228)
at tests.admin.AdminTripsPageTest.case_TR_011(AdminTripsPageTest.java:120)
at java.base/jdk.internal.reflect.NativeMethodAccessorImpl.invoke0(Native Method)
at java.base/jdk.internal.reflect.NativeMethodAccessorImpl.invoke(NativeMethodAccessorImpl.java:77)
at java.base/jdk.internal.reflect.DelegatingMethodAccessorImpl.invoke(DelegatingMethodAccessorImpl.java:43)
at java.base/java.lang.reflect.Method.invoke(Method.java:568)
at org.testng.internal.invokers.MethodInvocationHelper.invokeMethod(MethodInvocationHelper.java:141)
at org.testng.internal.invokers.TestInvoker.invokeMethod(TestInvoker.java:687)
at org.testng.internal.invokers.TestInvoker.invokeTestMethod(TestInvoker.java:230)
at org.testng.internal.invokers.MethodRunner.runInSequence(MethodRunner.java:63)
at org.testng.internal.invokers.TestInvoker$MethodInvocationAgent.invoke(TestInvoker.java:995)
at org.testng.internal.invokers.TestInvoker.invokeTestMethods(TestInvoker.java:203)
at org.testng.internal.invokers.TestMethodWorker.invokeTestMethods(TestMethodWorker.java:154)
at org.testng.internal.invokers.TestMethodWorker.run(TestMethodWorker.java:134)
at java.base/java.util.ArrayList.forEach(ArrayList.java:1511)
at org.testng.TestRunner.privateRun(TestRunner.java:741)
at org.testng.TestRunner.run(TestRunner.java:616)
at org.testng.SuiteRunner.runTest(SuiteRunner.java:421)
at org.testng.SuiteRunner.runSequentially(SuiteRunner.java:413)
at org.testng.SuiteRunner.privateRun(SuiteRunner.java:373)
at org.testng.SuiteRunner.run(SuiteRunner.java:312)
at org.testng.SuiteRunnerWorker.runSuite(SuiteRunnerWorker.java:52)
at org.testng.SuiteRunnerWorker.run(SuiteRunnerWorker.java:95)
at org.testng.TestNG.runSuitesSequentially(TestNG.java:1274)
at org.testng.TestNG.runSuitesLocally(TestNG.java:1208)
at org.testng.TestNG.runSuites(TestNG.java:1112)
at org.testng.TestNG.run(TestNG.java:1079)
at org.testng.remote.AbstractRemoteTestNG.run(AbstractRemoteTestNG.java:115)
at org.testng.remote.RemoteTestNG.initAndRun(RemoteTestNG.java:293)
at org.testng.remote.RemoteTestNG.main(RemoteTestNG.java:91)
]]>
    </failure>
  </testcase> <!-- case_TR_011 -->
  <testcase classname="tests.admin.AdminTripsPageTest" name="case_TR_013" time="0.0">
    <ignored/>
  </testcase> <!-- case_TR_013 -->
  <testcase classname="tests.admin.AdminTripsPageTest" name="case_TR_002" time="0.0">
    <ignored/>
  </testcase> <!-- case_TR_002 -->
  <testcase classname="tests.admin.AdminTripsPageTest" name="case_TR_015" time="0.0">
    <ignored/>
  </testcase> <!-- case_TR_015 -->
  <testcase classname="tests.admin.AdminTripsPageTest" name="case_TR_004" time="0.0">
    <ignored/>
  </testcase> <!-- case_TR_004 -->
  <testcase classname="tests.admin.AdminTripsPageTest" name="case_TR_014" time="0.0">
    <ignored/>
  </testcase> <!-- case_TR_014 -->
  <testcase classname="tests.admin.AdminTripsPageTest" name="case_TR_003" time="0.0">
    <ignored/>
  </testcase> <!-- case_TR_003 -->
  <testcase classname="tests.admin.AdminTripsPageTest" name="case_TR_016" time="0.0">
    <ignored/>
  </testcase> <!-- case_TR_016 -->
  <testcase classname="tests.admin.AdminTripsPageTest" name="case_TR_012" time="0.0">
    <ignored/>
  </testcase> <!-- case_TR_012 -->
  <testcase classname="tests.admin.AdminTripsPageTest" name="case_TR_001" time="0.0">
    <ignored/>
  </testcase> <!-- case_TR_001 -->
  <testcase classname="tests.admin.AdminTripsPageTest" name="case_TR_017" time="0.0">
    <ignored/>
  </testcase> <!-- case_TR_017 -->
  <testcase classname="tests.admin.AdminTripsPageTest" name="case_TR_006" time="0.0">
    <ignored/>
  </testcase> <!-- case_TR_006 -->
  <testcase classname="tests.admin.AdminTripsPageTest" name="case_TR_008" time="0.0">
    <ignored/>
  </testcase> <!-- case_TR_008 -->
  <testcase classname="tests.admin.AdminTripsPageTest" name="case_TR_007" time="0.0">
    <ignored/>
  </testcase> <!-- case_TR_007 -->
</testsuite> <!-- Default test -->
