<?xml version="1.0" encoding="UTF-8"?>
<testng-results ignored="0" total="12" passed="10" failed="2" skipped="0">
  <reporter-output>
  </reporter-output>
  <suite started-at="2026-04-14T23:33:28 ICT" name="Default suite" finished-at="2026-04-14T23:34:10 ICT" duration-ms="41737">
    <groups>
    </groups>
    <test started-at="2026-04-14T23:33:28 ICT" name="Default test" finished-at="2026-04-14T23:34:10 ICT" duration-ms="41737">
      <class name="tests.customer.RegisterPageTest">
        <test-method is-config="true" signature="setUp()[pri:0, instance:tests.customer.RegisterPageTest@635eaaf1]" started-at="2026-04-14T23:33:28 ICT" name="setUp" finished-at="2026-04-14T23:33:30 ICT" duration-ms="1227" status="PASS">
          <reporter-output>
          </reporter-output>
        </test-method> <!-- setUp -->
        <test-method signature="case_RG_001()[pri:0, instance:tests.customer.RegisterPageTest@635eaaf1]" started-at="2026-04-14T23:33:30 ICT" name="case_RG_001" description="RG-01 Trang đăng ký hiển thị form" finished-at="2026-04-14T23:33:31 ICT" duration-ms="1430" status="PASS">
          <reporter-output>
          </reporter-output>
        </test-method> <!-- case_RG_001 -->
        <test-method is-config="true" signature="tearDown()[pri:0, instance:tests.customer.RegisterPageTest@635eaaf1]" started-at="2026-04-14T23:33:31 ICT" name="tearDown" finished-at="2026-04-14T23:33:31 ICT" duration-ms="83" status="PASS">
          <reporter-output>
          </reporter-output>
        </test-method> <!-- tearDown -->
        <test-method is-config="true" signature="setUp()[pri:0, instance:tests.customer.RegisterPageTest@635eaaf1]" started-at="2026-04-14T23:33:31 ICT" name="setUp" finished-at="2026-04-14T23:33:32 ICT" duration-ms="897" status="PASS">
          <reporter-output>
          </reporter-output>
        </test-method> <!-- setUp -->
        <test-method signature="case_RG_002()[pri:0, instance:tests.customer.RegisterPageTest@635eaaf1]" started-at="2026-04-14T23:33:32 ICT" name="case_RG_002" description="RG-02 Tiêu đề trang đăng ký đúng" finished-at="2026-04-14T23:33:33 ICT" duration-ms="1347" status="PASS">
          <reporter-output>
          </reporter-output>
        </test-method> <!-- case_RG_002 -->
        <test-method is-config="true" signature="tearDown()[pri:0, instance:tests.customer.RegisterPageTest@635eaaf1]" started-at="2026-04-14T23:33:33 ICT" name="tearDown" finished-at="2026-04-14T23:33:34 ICT" duration-ms="93" status="PASS">
          <reporter-output>
          </reporter-output>
        </test-method> <!-- tearDown -->
        <test-method is-config="true" signature="setUp()[pri:0, instance:tests.customer.RegisterPageTest@635eaaf1]" started-at="2026-04-14T23:33:34 ICT" name="setUp" finished-at="2026-04-14T23:33:34 ICT" duration-ms="867" status="PASS">
          <reporter-output>
          </reporter-output>
        </test-method> <!-- setUp -->
        <test-method signature="case_RG_004()[pri:0, instance:tests.customer.RegisterPageTest@635eaaf1]" started-at="2026-04-14T23:33:34 ICT" name="case_RG_004" description="RG-04 Trang đăng ký hiển thị đủ thông tin" finished-at="2026-04-14T23:33:36 ICT" duration-ms="1508" status="PASS">
          <reporter-output>
          </reporter-output>
        </test-method> <!-- case_RG_004 -->
        <test-method is-config="true" signature="tearDown()[pri:0, instance:tests.customer.RegisterPageTest@635eaaf1]" started-at="2026-04-14T23:33:36 ICT" name="tearDown" finished-at="2026-04-14T23:33:36 ICT" duration-ms="101" status="PASS">
          <reporter-output>
          </reporter-output>
        </test-method> <!-- tearDown -->
        <test-method is-config="true" signature="setUp()[pri:0, instance:tests.customer.RegisterPageTest@635eaaf1]" started-at="2026-04-14T23:33:36 ICT" name="setUp" finished-at="2026-04-14T23:33:37 ICT" duration-ms="879" status="PASS">
          <reporter-output>
          </reporter-output>
        </test-method> <!-- setUp -->
        <test-method signature="case_RG_005()[pri:0, instance:tests.customer.RegisterPageTest@635eaaf1]" started-at="2026-04-14T23:33:37 ICT" name="case_RG_005" description="RG-05 Ô mật khẩu có type password" finished-at="2026-04-14T23:33:38 ICT" duration-ms="1419" status="PASS">
          <reporter-output>
          </reporter-output>
        </test-method> <!-- case_RG_005 -->
        <test-method is-config="true" signature="tearDown()[pri:0, instance:tests.customer.RegisterPageTest@635eaaf1]" started-at="2026-04-14T23:33:38 ICT" name="tearDown" finished-at="2026-04-14T23:33:38 ICT" duration-ms="86" status="PASS">
          <reporter-output>
          </reporter-output>
        </test-method> <!-- tearDown -->
        <test-method is-config="true" signature="setUp()[pri:0, instance:tests.customer.RegisterPageTest@635eaaf1]" started-at="2026-04-14T23:33:38 ICT" name="setUp" finished-at="2026-04-14T23:33:39 ICT" duration-ms="874" status="PASS">
          <reporter-output>
          </reporter-output>
        </test-method> <!-- setUp -->
        <test-method signature="case_RG_006()[pri:0, instance:tests.customer.RegisterPageTest@635eaaf1]" started-at="2026-04-14T23:33:39 ICT" name="case_RG_006" description="RG-06 Nút Đăng ký hiển thị" finished-at="2026-04-14T23:33:41 ICT" duration-ms="1400" status="PASS">
          <reporter-output>
          </reporter-output>
        </test-method> <!-- case_RG_006 -->
        <test-method is-config="true" signature="tearDown()[pri:0, instance:tests.customer.RegisterPageTest@635eaaf1]" started-at="2026-04-14T23:33:41 ICT" name="tearDown" finished-at="2026-04-14T23:33:41 ICT" duration-ms="78" status="PASS">
          <reporter-output>
          </reporter-output>
        </test-method> <!-- tearDown -->
        <test-method is-config="true" signature="setUp()[pri:0, instance:tests.customer.RegisterPageTest@635eaaf1]" started-at="2026-04-14T23:33:41 ICT" name="setUp" finished-at="2026-04-14T23:33:42 ICT" duration-ms="858" status="PASS">
          <reporter-output>
          </reporter-output>
        </test-method> <!-- setUp -->
        <test-method signature="case_RG_007()[pri:0, instance:tests.customer.RegisterPageTest@635eaaf1]" started-at="2026-04-14T23:33:42 ICT" name="case_RG_007" description="RG-07 Gửi thông tin trống form vẫn hiển thị và thông báo nhập các trường bắt buộc" finished-at="2026-04-14T23:33:43 ICT" duration-ms="1464" status="PASS">
          <reporter-output>
          </reporter-output>
        </test-method> <!-- case_RG_007 -->
        <test-method is-config="true" signature="tearDown()[pri:0, instance:tests.customer.RegisterPageTest@635eaaf1]" started-at="2026-04-14T23:33:43 ICT" name="tearDown" finished-at="2026-04-14T23:33:43 ICT" duration-ms="97" status="PASS">
          <reporter-output>
          </reporter-output>
        </test-method> <!-- tearDown -->
        <test-method is-config="true" signature="setUp()[pri:0, instance:tests.customer.RegisterPageTest@635eaaf1]" started-at="2026-04-14T23:33:43 ICT" name="setUp" finished-at="2026-04-14T23:33:44 ICT" duration-ms="849" status="PASS">
          <reporter-output>
          </reporter-output>
        </test-method> <!-- setUp -->
        <test-method signature="case_RG_008()[pri:0, instance:tests.customer.RegisterPageTest@635eaaf1]" started-at="2026-04-14T23:33:44 ICT" name="case_RG_008" description="RG-08 Nhập username rồi gửi thông tin vẫn ở form thông báo nhập các trường bắt buộc" finished-at="2026-04-14T23:33:46 ICT" duration-ms="1489" status="PASS">
          <reporter-output>
          </reporter-output>
        </test-method> <!-- case_RG_008 -->
        <test-method is-config="true" signature="tearDown()[pri:0, instance:tests.customer.RegisterPageTest@635eaaf1]" started-at="2026-04-14T23:33:46 ICT" name="tearDown" finished-at="2026-04-14T23:33:46 ICT" duration-ms="94" status="PASS">
          <reporter-output>
          </reporter-output>
        </test-method> <!-- tearDown -->
        <test-method is-config="true" signature="setUp()[pri:0, instance:tests.customer.RegisterPageTest@635eaaf1]" started-at="2026-04-14T23:33:46 ICT" name="setUp" finished-at="2026-04-14T23:33:46 ICT" duration-ms="844" status="PASS">
          <reporter-output>
          </reporter-output>
        </test-method> <!-- setUp -->
        <test-method signature="case_RG_009()[pri:0, instance:tests.customer.RegisterPageTest@635eaaf1]" started-at="2026-04-14T23:33:46 ICT" name="case_RG_009" description="RG-09 Điền email không hợp lệ báo lỗi" finished-at="2026-04-14T23:33:48 ICT" duration-ms="1484" status="PASS">
          <reporter-output>
          </reporter-output>
        </test-method> <!-- case_RG_009 -->
        <test-method is-config="true" signature="tearDown()[pri:0, instance:tests.customer.RegisterPageTest@635eaaf1]" started-at="2026-04-14T23:33:48 ICT" name="tearDown" finished-at="2026-04-14T23:33:48 ICT" duration-ms="101" status="PASS">
          <reporter-output>
          </reporter-output>
        </test-method> <!-- tearDown -->
        <test-method is-config="true" signature="setUp()[pri:0, instance:tests.customer.RegisterPageTest@635eaaf1]" started-at="2026-04-14T23:33:48 ICT" name="setUp" finished-at="2026-04-14T23:33:49 ICT" duration-ms="858" status="PASS">
          <reporter-output>
          </reporter-output>
        </test-method> <!-- setUp -->
        <test-method signature="case_RG_010()[pri:0, instance:tests.customer.RegisterPageTest@635eaaf1]" started-at="2026-04-14T23:33:49 ICT" name="case_RG_010" description="RG-10 Kiểm tra trùng username nếu đã tồn tại" finished-at="2026-04-14T23:33:51 ICT" duration-ms="2336" status="PASS">
          <reporter-output>
          </reporter-output>
        </test-method> <!-- case_RG_010 -->
        <test-method is-config="true" signature="tearDown()[pri:0, instance:tests.customer.RegisterPageTest@635eaaf1]" started-at="2026-04-14T23:33:51 ICT" name="tearDown" finished-at="2026-04-14T23:33:51 ICT" duration-ms="103" status="PASS">
          <reporter-output>
          </reporter-output>
        </test-method> <!-- tearDown -->
        <test-method is-config="true" signature="setUp()[pri:0, instance:tests.customer.RegisterPageTest@635eaaf1]" started-at="2026-04-14T23:33:51 ICT" name="setUp" finished-at="2026-04-14T23:33:52 ICT" duration-ms="855" status="PASS">
          <reporter-output>
          </reporter-output>
        </test-method> <!-- setUp -->
        <test-method signature="case_RG_011()[pri:0, instance:tests.customer.RegisterPageTest@635eaaf1]" started-at="2026-04-14T23:33:52 ICT" name="case_RG_011" description="RG-11 Kiểm tra trùng Email nếu đã tồn tại" finished-at="2026-04-14T23:33:54 ICT" duration-ms="1803" status="PASS">
          <reporter-output>
          </reporter-output>
        </test-method> <!-- case_RG_011 -->
        <test-method is-config="true" signature="tearDown()[pri:0, instance:tests.customer.RegisterPageTest@635eaaf1]" started-at="2026-04-14T23:33:54 ICT" name="tearDown" finished-at="2026-04-14T23:33:54 ICT" duration-ms="95" status="PASS">
          <reporter-output>
          </reporter-output>
        </test-method> <!-- tearDown -->
        <test-method is-config="true" signature="setUp()[pri:0, instance:tests.customer.RegisterPageTest@635eaaf1]" started-at="2026-04-14T23:33:54 ICT" name="setUp" finished-at="2026-04-14T23:33:55 ICT" duration-ms="846" status="PASS">
          <reporter-output>
          </reporter-output>
        </test-method> <!-- setUp -->
        <test-method signature="case_RG_012()[pri:0, instance:tests.customer.RegisterPageTest@635eaaf1]" started-at="2026-04-14T23:33:55 ICT" name="case_RG_012" description="RG-12 Kiểm tra trùng SĐT nếu đã tồn tại" finished-at="2026-04-14T23:34:06 ICT" duration-ms="10894" status="FAIL">
          <exception class="org.openqa.selenium.NoSuchSessionException">
            <message>
              <![CDATA[invalid session id: session deleted as the browser has closed the connection
from disconnected: not connected to DevTools
  (Session info: chrome=146.0.7680.178)
Build info: version: '4.18.1', revision: 'b1d3319b48'
System info: os.name: 'Windows 10', os.arch: 'amd64', os.version: '10.0', java.version: '17.0.12'
Driver info: org.openqa.selenium.chrome.ChromeDriver
Command: [3ed128214299f8a4cdbba5740c832aaf, findElement {value=body, using=tag name}]
Capabilities {acceptInsecureCerts: false, browserName: chrome, browserVersion: 146.0.7680.178, chrome: {chromedriverVersion: 146.0.7680.165 (4b989da09e1..., userDataDir: C:\Users\admin\AppData\Loca...}, fedcm:accounts: true, goog:chromeOptions: {debuggerAddress: localhost:62136}, goog:processID: 3076, networkConnectionEnabled: false, pageLoadStrategy: normal, platformName: windows, proxy: Proxy(), se:cdp: ws://localhost:62136/devtoo..., se:cdpVersion: 146.0.7680.178, setWindowRect: true, strictFileInteractability: false, timeouts: {implicit: 0, pageLoad: 300000, script: 30000}, unhandledPromptBehavior: dismiss and notify, webauthn:extension:credBlob: true, webauthn:extension:largeBlob: true, webauthn:extension:minPinLength: true, webauthn:extension:prf: true, webauthn:virtualAuthenticators: true}
Session ID: 3ed128214299f8a4cdbba5740c832aaf]]>
            </message>
            <full-stacktrace>
              <![CDATA[org.openqa.selenium.NoSuchSessionException: invalid session id: session deleted as the browser has closed the connection
from disconnected: not connected to DevTools
  (Session info: chrome=146.0.7680.178)
Build info: version: '4.18.1', revision: 'b1d3319b48'
System info: os.name: 'Windows 10', os.arch: 'amd64', os.version: '10.0', java.version: '17.0.12'
Driver info: org.openqa.selenium.chrome.ChromeDriver
Command: [3ed128214299f8a4cdbba5740c832aaf, findElement {value=body, using=tag name}]
Capabilities {acceptInsecureCerts: false, browserName: chrome, browserVersion: 146.0.7680.178, chrome: {chromedriverVersion: 146.0.7680.165 (4b989da09e1..., userDataDir: C:\Users\admin\AppData\Loca...}, fedcm:accounts: true, goog:chromeOptions: {debuggerAddress: localhost:62136}, goog:processID: 3076, networkConnectionEnabled: false, pageLoadStrategy: normal, platformName: windows, proxy: Proxy(), se:cdp: ws://localhost:62136/devtoo..., se:cdpVersion: 146.0.7680.178, setWindowRect: true, strictFileInteractability: false, timeouts: {implicit: 0, pageLoad: 300000, script: 30000}, unhandledPromptBehavior: dismiss and notify, webauthn:extension:credBlob: true, webauthn:extension:largeBlob: true, webauthn:extension:minPinLength: true, webauthn:extension:prf: true, webauthn:virtualAuthenticators: true}
Session ID: 3ed128214299f8a4cdbba5740c832aaf
at java.base/jdk.internal.reflect.NativeConstructorAccessorImpl.newInstance0(Native Method)
at java.base/jdk.internal.reflect.NativeConstructorAccessorImpl.newInstance(NativeConstructorAccessorImpl.java:77)
at java.base/jdk.internal.reflect.DelegatingConstructorAccessorImpl.newInstance(DelegatingConstructorAccessorImpl.java:45)
at java.base/java.lang.reflect.Constructor.newInstanceWithCaller(Constructor.java:499)
at java.base/java.lang.reflect.Constructor.newInstance(Constructor.java:480)
at org.openqa.selenium.remote.ErrorCodec.decode(ErrorCodec.java:167)
at org.openqa.selenium.remote.codec.w3c.W3CHttpResponseCodec.decode(W3CHttpResponseCodec.java:138)
at org.openqa.selenium.remote.codec.w3c.W3CHttpResponseCodec.decode(W3CHttpResponseCodec.java:50)
at org.openqa.selenium.remote.HttpCommandExecutor.execute(HttpCommandExecutor.java:190)
at org.openqa.selenium.remote.service.DriverCommandExecutor.invokeExecute(DriverCommandExecutor.java:216)
at org.openqa.selenium.remote.service.DriverCommandExecutor.execute(DriverCommandExecutor.java:174)
at org.openqa.selenium.remote.RemoteWebDriver.execute(RemoteWebDriver.java:519)
at org.openqa.selenium.remote.ElementLocation$ElementFinder$2.findElement(ElementLocation.java:165)
at org.openqa.selenium.remote.ElementLocation.findElement(ElementLocation.java:59)
at org.openqa.selenium.remote.RemoteWebDriver.findElement(RemoteWebDriver.java:356)
at org.openqa.selenium.remote.RemoteWebDriver.findElement(RemoteWebDriver.java:350)
at tests.customer.RegisterPageTest.lambda$0(RegisterPageTest.java:69)
at org.openqa.selenium.support.ui.FluentWait.until(FluentWait.java:203)
at tests.customer.RegisterPageTest.waitForToast(RegisterPageTest.java:69)
at tests.customer.RegisterPageTest.case_RG_012(RegisterPageTest.java:262)
at java.base/jdk.internal.reflect.NativeMethodAccessorImpl.invoke0(Native Method)
at java.base/jdk.internal.reflect.NativeMethodAccessorImpl.invoke(NativeMethodAccessorImpl.java:77)
at java.base/jdk.internal.reflect.DelegatingMethodAccessorImpl.invoke(DelegatingMethodAccessorImpl.java:43)
at java.base/java.lang.reflect.Method.invoke(Method.java:568)
at org.testng.internal.MethodInvocationHelper.invokeMethod(MethodInvocationHelper.java:133)
at org.testng.internal.TestInvoker.invokeMethod(TestInvoker.java:598)
at org.testng.internal.TestInvoker.invokeTestMethod(TestInvoker.java:173)
at org.testng.internal.MethodRunner.runInSequence(MethodRunner.java:46)
at org.testng.internal.TestInvoker$MethodInvocationAgent.invoke(TestInvoker.java:824)
at org.testng.internal.TestInvoker.invokeTestMethods(TestInvoker.java:146)
at org.testng.internal.TestMethodWorker.invokeTestMethods(TestMethodWorker.java:146)
at org.testng.internal.TestMethodWorker.run(TestMethodWorker.java:128)
at java.base/java.util.ArrayList.forEach(ArrayList.java:1511)
at org.testng.TestRunner.privateRun(TestRunner.java:794)
at org.testng.TestRunner.run(TestRunner.java:596)
at org.testng.SuiteRunner.runTest(SuiteRunner.java:377)
at org.testng.SuiteRunner.runSequentially(SuiteRunner.java:371)
at org.testng.SuiteRunner.privateRun(SuiteRunner.java:332)
at org.testng.SuiteRunner.run(SuiteRunner.java:276)
at org.testng.SuiteRunnerWorker.runSuite(SuiteRunnerWorker.java:53)
at org.testng.SuiteRunnerWorker.run(SuiteRunnerWorker.java:96)
at org.testng.TestNG.runSuitesSequentially(TestNG.java:1212)
at org.testng.TestNG.runSuitesLocally(TestNG.java:1134)
at org.testng.TestNG.runSuites(TestNG.java:1063)
at org.testng.TestNG.run(TestNG.java:1031)
at org.testng.remote.AbstractRemoteTestNG.run(AbstractRemoteTestNG.java:115)
at org.testng.remote.RemoteTestNG.initAndRun(RemoteTestNG.java:251)
at org.testng.remote.RemoteTestNG.main(RemoteTestNG.java:77)
]]>
            </full-stacktrace>
          </exception> <!-- org.openqa.selenium.NoSuchSessionException -->
          <reporter-output>
          </reporter-output>
        </test-method> <!-- case_RG_012 -->
        <test-method is-config="true" signature="tearDown()[pri:0, instance:tests.customer.RegisterPageTest@635eaaf1]" started-at="2026-04-14T23:34:06 ICT" name="tearDown" finished-at="2026-04-14T23:34:06 ICT" duration-ms="42" status="PASS">
          <reporter-output>
          </reporter-output>
        </test-method> <!-- tearDown -->
        <test-method is-config="true" signature="setUp()[pri:0, instance:tests.customer.RegisterPageTest@635eaaf1]" started-at="2026-04-14T23:34:06 ICT" name="setUp" finished-at="2026-04-14T23:34:07 ICT" duration-ms="847" status="PASS">
          <reporter-output>
          </reporter-output>
        </test-method> <!-- setUp -->
        <test-method signature="case_RG_013()[pri:0, instance:tests.customer.RegisterPageTest@635eaaf1]" started-at="2026-04-14T23:34:07 ICT" name="case_RG_013" description="RG-13 Nhập đúng thông tin đăng ký thành công" finished-at="2026-04-14T23:34:10 ICT" duration-ms="3407" status="FAIL">
          <exception class="org.openqa.selenium.NoSuchSessionException">
            <message>
              <![CDATA[invalid session id: session deleted as the browser has closed the connection
from disconnected: not connected to DevTools
  (Session info: chrome=146.0.7680.178)
Build info: version: '4.18.1', revision: 'b1d3319b48'
System info: os.name: 'Windows 10', os.arch: 'amd64', os.version: '10.0', java.version: '17.0.12'
Driver info: org.openqa.selenium.chrome.ChromeDriver
Command: [979c85b6f6286ec1784e814ddacbd760, findElement {value=body, using=tag name}]
Capabilities {acceptInsecureCerts: false, browserName: chrome, browserVersion: 146.0.7680.178, chrome: {chromedriverVersion: 146.0.7680.165 (4b989da09e1..., userDataDir: C:\Users\admin\AppData\Loca...}, fedcm:accounts: true, goog:chromeOptions: {debuggerAddress: localhost:62170}, goog:processID: 20828, networkConnectionEnabled: false, pageLoadStrategy: normal, platformName: windows, proxy: Proxy(), se:cdp: ws://localhost:62170/devtoo..., se:cdpVersion: 146.0.7680.178, setWindowRect: true, strictFileInteractability: false, timeouts: {implicit: 0, pageLoad: 300000, script: 30000}, unhandledPromptBehavior: dismiss and notify, webauthn:extension:credBlob: true, webauthn:extension:largeBlob: true, webauthn:extension:minPinLength: true, webauthn:extension:prf: true, webauthn:virtualAuthenticators: true}
Session ID: 979c85b6f6286ec1784e814ddacbd760]]>
            </message>
            <full-stacktrace>
              <![CDATA[org.openqa.selenium.NoSuchSessionException: invalid session id: session deleted as the browser has closed the connection
from disconnected: not connected to DevTools
  (Session info: chrome=146.0.7680.178)
Build info: version: '4.18.1', revision: 'b1d3319b48'
System info: os.name: 'Windows 10', os.arch: 'amd64', os.version: '10.0', java.version: '17.0.12'
Driver info: org.openqa.selenium.chrome.ChromeDriver
Command: [979c85b6f6286ec1784e814ddacbd760, findElement {value=body, using=tag name}]
Capabilities {acceptInsecureCerts: false, browserName: chrome, browserVersion: 146.0.7680.178, chrome: {chromedriverVersion: 146.0.7680.165 (4b989da09e1..., userDataDir: C:\Users\admin\AppData\Loca...}, fedcm:accounts: true, goog:chromeOptions: {debuggerAddress: localhost:62170}, goog:processID: 20828, networkConnectionEnabled: false, pageLoadStrategy: normal, platformName: windows, proxy: Proxy(), se:cdp: ws://localhost:62170/devtoo..., se:cdpVersion: 146.0.7680.178, setWindowRect: true, strictFileInteractability: false, timeouts: {implicit: 0, pageLoad: 300000, script: 30000}, unhandledPromptBehavior: dismiss and notify, webauthn:extension:credBlob: true, webauthn:extension:largeBlob: true, webauthn:extension:minPinLength: true, webauthn:extension:prf: true, webauthn:virtualAuthenticators: true}
Session ID: 979c85b6f6286ec1784e814ddacbd760
at java.base/jdk.internal.reflect.NativeConstructorAccessorImpl.newInstance0(Native Method)
at java.base/jdk.internal.reflect.NativeConstructorAccessorImpl.newInstance(NativeConstructorAccessorImpl.java:77)
at java.base/jdk.internal.reflect.DelegatingConstructorAccessorImpl.newInstance(DelegatingConstructorAccessorImpl.java:45)
at java.base/java.lang.reflect.Constructor.newInstanceWithCaller(Constructor.java:499)
at java.base/java.lang.reflect.Constructor.newInstance(Constructor.java:480)
at org.openqa.selenium.remote.ErrorCodec.decode(ErrorCodec.java:167)
at org.openqa.selenium.remote.codec.w3c.W3CHttpResponseCodec.decode(W3CHttpResponseCodec.java:138)
at org.openqa.selenium.remote.codec.w3c.W3CHttpResponseCodec.decode(W3CHttpResponseCodec.java:50)
at org.openqa.selenium.remote.HttpCommandExecutor.execute(HttpCommandExecutor.java:190)
at org.openqa.selenium.remote.service.DriverCommandExecutor.invokeExecute(DriverCommandExecutor.java:216)
at org.openqa.selenium.remote.service.DriverCommandExecutor.execute(DriverCommandExecutor.java:174)
at org.openqa.selenium.remote.RemoteWebDriver.execute(RemoteWebDriver.java:519)
at org.openqa.selenium.remote.ElementLocation$ElementFinder$2.findElement(ElementLocation.java:165)
at org.openqa.selenium.remote.ElementLocation.findElement(ElementLocation.java:59)
at org.openqa.selenium.remote.RemoteWebDriver.findElement(RemoteWebDriver.java:356)
at org.openqa.selenium.remote.RemoteWebDriver.findElement(RemoteWebDriver.java:350)
at tests.customer.RegisterPageTest.lambda$0(RegisterPageTest.java:69)
at org.openqa.selenium.support.ui.FluentWait.until(FluentWait.java:203)
at tests.customer.RegisterPageTest.waitForToast(RegisterPageTest.java:69)
at tests.customer.RegisterPageTest.case_RG_013(RegisterPageTest.java:294)
at java.base/jdk.internal.reflect.NativeMethodAccessorImpl.invoke0(Native Method)
at java.base/jdk.internal.reflect.NativeMethodAccessorImpl.invoke(NativeMethodAccessorImpl.java:77)
at java.base/jdk.internal.reflect.DelegatingMethodAccessorImpl.invoke(DelegatingMethodAccessorImpl.java:43)
at java.base/java.lang.reflect.Method.invoke(Method.java:568)
at org.testng.internal.MethodInvocationHelper.invokeMethod(MethodInvocationHelper.java:133)
at org.testng.internal.TestInvoker.invokeMethod(TestInvoker.java:598)
at org.testng.internal.TestInvoker.invokeTestMethod(TestInvoker.java:173)
at org.testng.internal.MethodRunner.runInSequence(MethodRunner.java:46)
at org.testng.internal.TestInvoker$MethodInvocationAgent.invoke(TestInvoker.java:824)
at org.testng.internal.TestInvoker.invokeTestMethods(TestInvoker.java:146)
at org.testng.internal.TestMethodWorker.invokeTestMethods(TestMethodWorker.java:146)
at org.testng.internal.TestMethodWorker.run(TestMethodWorker.java:128)
at java.base/java.util.ArrayList.forEach(ArrayList.java:1511)
at org.testng.TestRunner.privateRun(TestRunner.java:794)
at org.testng.TestRunner.run(TestRunner.java:596)
at org.testng.SuiteRunner.runTest(SuiteRunner.java:377)
at org.testng.SuiteRunner.runSequentially(SuiteRunner.java:371)
at org.testng.SuiteRunner.privateRun(SuiteRunner.java:332)
at org.testng.SuiteRunner.run(SuiteRunner.java:276)
at org.testng.SuiteRunnerWorker.runSuite(SuiteRunnerWorker.java:53)
at org.testng.SuiteRunnerWorker.run(SuiteRunnerWorker.java:96)
at org.testng.TestNG.runSuitesSequentially(TestNG.java:1212)
at org.testng.TestNG.runSuitesLocally(TestNG.java:1134)
at org.testng.TestNG.runSuites(TestNG.java:1063)
at org.testng.TestNG.run(TestNG.java:1031)
at org.testng.remote.AbstractRemoteTestNG.run(AbstractRemoteTestNG.java:115)
at org.testng.remote.RemoteTestNG.initAndRun(RemoteTestNG.java:251)
at org.testng.remote.RemoteTestNG.main(RemoteTestNG.java:77)
]]>
            </full-stacktrace>
          </exception> <!-- org.openqa.selenium.NoSuchSessionException -->
          <reporter-output>
          </reporter-output>
        </test-method> <!-- case_RG_013 -->
        <test-method is-config="true" signature="tearDown()[pri:0, instance:tests.customer.RegisterPageTest@635eaaf1]" started-at="2026-04-14T23:34:10 ICT" name="tearDown" finished-at="2026-04-14T23:34:10 ICT" duration-ms="43" status="PASS">
          <reporter-output>
          </reporter-output>
        </test-method> <!-- tearDown -->
      </class> <!-- tests.customer.RegisterPageTest -->
    </test> <!-- Default test -->
  </suite> <!-- Default suite -->
</testng-results>
