<?xml version="1.0" encoding="UTF-8"?>
<!-- Generated by org.testng.reporters.JUnitReportReporter -->
<testsuite hostname="DESKTOP-OQURPC8" failures="0" tests="9" name="tests.customer.PaymentPageTest" time="43.682" errors="0" timestamp="2026-04-17T14:58:12 ICT" skipped="0">
  <testcase classname="tests.customer.PaymentPageTest" name="case_PM_011" time="5.793"/>
  <testcase classname="tests.customer.PaymentPageTest" name="case_PM_008" time="4.192"/>
  <testcase classname="tests.customer.PaymentPageTest" name="case_PM_002" time="4.785"/>
  <testcase classname="tests.customer.PaymentPageTest" name="case_PM_009" time="4.152"/>
  <testcase classname="tests.customer.PaymentPageTest" name="case_PM_007" time="4.235"/>
  <testcase classname="tests.customer.PaymentPageTest" name="case_PM_003" time="4.657"/>
  <testcase classname="tests.customer.PaymentPageTest" name="case_PM_010" time="5.454"/>
  <testcase classname="tests.customer.PaymentPageTest" name="case_PM_012" time="5.699"/>
  <testcase classname="tests.customer.PaymentPageTest" name="case_PM_001" time="4.715"/>
</testsuite> <!-- tests.customer.PaymentPageTest -->
