<?xml version="1.0" encoding="UTF-8"?>
<!-- Generated by org.testng.reporters.JUnitReportReporter -->
<testsuite hostname="DESKTOP-OQURPC8" failures="0" tests="4" name="tests.admin.AdminDashboardPageTest" time="24.681" errors="0" timestamp="2026-06-19T19:03:53 ICT" skipped="0">
  <testcase classname="tests.admin.AdminDashboardPageTest" name="case_AD_004" time="8.297"/>
  <testcase classname="tests.admin.AdminDashboardPageTest" name="case_AD_003" time="7.839"/>
  <testcase classname="tests.admin.AdminDashboardPageTest" name="case_AD_002" time="4.238"/>
  <testcase classname="tests.admin.AdminDashboardPageTest" name="case_AD_001" time="4.307"/>
</testsuite> <!-- tests.admin.AdminDashboardPageTest -->
