<?xml version="1.0" encoding="UTF-8"?>
<!-- Generated by org.testng.reporters.JUnitReportReporter -->
<testsuite hostname="DESKTOP-OQURPC8" failures="0" tests="10" name="tests.admin.AdminVASTest" time="34.085" errors="0" timestamp="2026-04-15T15:49:54 ICT" skipped="0">
  <testcase classname="tests.admin.AdminVASTest" name="case_VS_001" time="3.063"/>
  <testcase classname="tests.admin.AdminVASTest" name="case_VS_011" time="3.220"/>
  <testcase classname="tests.admin.AdminVASTest" name="case_VS_007" time="3.154"/>
  <testcase classname="tests.admin.AdminVASTest" name="case_VS_005" time="3.322"/>
  <testcase classname="tests.admin.AdminVASTest" name="case_VS_003" time="2.968"/>
  <testcase classname="tests.admin.AdminVASTest" name="case_VS_004" time="3.725"/>
  <testcase classname="tests.admin.AdminVASTest" name="case_VS_008" time="4.018"/>
  <testcase classname="tests.admin.AdminVASTest" name="case_VS_002" time="3.023"/>
  <testcase classname="tests.admin.AdminVASTest" name="case_VS_009" time="3.825"/>
  <testcase classname="tests.admin.AdminVASTest" name="case_VS_010" time="3.767"/>
</testsuite> <!-- tests.admin.AdminVASTest -->
