<?xml version="1.0" encoding="UTF-8"?>
<!-- Generated by org.testng.reporters.JUnitReportReporter -->
<testsuite hostname="DESKTOP-OQURPC8" failures="0" tests="10" name="tests.customer.HomePageTest" time="29.293" errors="0" timestamp="2026-06-19T19:03:53 ICT" skipped="0">
  <testcase classname="tests.customer.HomePageTest" name="case_HM_004" time="2.440"/>
  <testcase classname="tests.customer.HomePageTest" name="case_HM_008" time="2.867"/>
  <testcase classname="tests.customer.HomePageTest" name="case_HM_009" time="2.960"/>
  <testcase classname="tests.customer.HomePageTest" name="case_HM_010" time="3.059"/>
  <testcase classname="tests.customer.HomePageTest" name="case_HM_001" time="2.601"/>
  <testcase classname="tests.customer.HomePageTest" name="case_HM_011" time="3.238"/>
  <testcase classname="tests.customer.HomePageTest" name="case_HM_005" time="2.558"/>
  <testcase classname="tests.customer.HomePageTest" name="case_HM_006" time="2.756"/>
  <testcase classname="tests.customer.HomePageTest" name="case_HM_007" time="4.454"/>
  <testcase classname="tests.customer.HomePageTest" name="case_HM_003" time="2.360"/>
</testsuite> <!-- tests.customer.HomePageTest -->
