<?xml version="1.0" encoding="UTF-8"?>
<!-- Generated by org.testng.reporters.JUnitReportReporter -->
<testsuite hostname="DESKTOP-OQURPC8" failures="0" tests="10" name="tests.customer.HomePageTest" time="17.054" errors="0" timestamp="2026-04-17T14:58:12 ICT" skipped="0">
  <testcase classname="tests.customer.HomePageTest" name="case_HM_003" time="1.563"/>
  <testcase classname="tests.customer.HomePageTest" name="case_HM_011" time="1.780"/>
  <testcase classname="tests.customer.HomePageTest" name="case_HM_004" time="1.625"/>
  <testcase classname="tests.customer.HomePageTest" name="case_HM_008" time="1.567"/>
  <testcase classname="tests.customer.HomePageTest" name="case_HM_007" time="2.762"/>
  <testcase classname="tests.customer.HomePageTest" name="case_HM_009" time="1.582"/>
  <testcase classname="tests.customer.HomePageTest" name="case_HM_005" time="1.479"/>
  <testcase classname="tests.customer.HomePageTest" name="case_HM_006" time="1.539"/>
  <testcase classname="tests.customer.HomePageTest" name="case_HM_001" time="1.538"/>
  <testcase classname="tests.customer.HomePageTest" name="case_HM_010" time="1.619"/>
</testsuite> <!-- tests.customer.HomePageTest -->
